 Parameter mdl_lambda           has been read with value 1.000000e+03        
 Parameter mdl_ctp              has been read with value 2.899720e+01        
 Parameter mdl_ctpi             has been read with value 0.000000e+00        
 Parameter mdl_cpqm             has been read with value 2.173670e+01        
 Parameter mdl_cpq3             has been read with value 3.560760e+01        
 Parameter mdl_cpt              has been read with value 1.270750e+01        
 Parameter mdl_cpb              has been read with value 0.000000e+00        
 Parameter mdl_cptb             has been read with value 1.025764e+02        
 Parameter mdl_cptbi            has been read with value 0.000000e+00        
 Parameter mdl_ctw              has been read with value 4.045800e+00        
 Parameter mdl_ctz              has been read with value 4.315900e+00        
 Parameter mdl_ctwi             has been read with value 0.000000e+00        
 Parameter mdl_ctzi             has been read with value 0.000000e+00        
 Parameter mdl_cbw              has been read with value 5.497470e+01        
 Parameter mdl_cbwi             has been read with value 0.000000e+00        
 Parameter mdl_ctg              has been read with value 9.845000e-01        
 Parameter mdl_ctgi             has been read with value 0.000000e+00        
 Parameter mdl_cqlm1            has been read with value 2.000000e+01        
 Parameter mdl_cqlm2            has been read with value 2.000000e+01        
 Parameter mdl_cqlm3            has been read with value 2.000000e+01        
 Parameter mdl_cql31            has been read with value 2.000000e+01        
 Parameter mdl_cql32            has been read with value 2.000000e+01        
 Parameter mdl_cql33            has been read with value 2.000000e+01        
 Parameter mdl_cqe1             has been read with value 2.000000e+01        
 Parameter mdl_cqe2             has been read with value 2.000000e+01        
 Parameter mdl_cqe3             has been read with value 2.000000e+01        
 Parameter mdl_ctl1             has been read with value 2.000000e+01        
 Parameter mdl_ctl2             has been read with value 2.000000e+01        
 Parameter mdl_ctl3             has been read with value 2.000000e+01        
 Parameter mdl_cte1             has been read with value 2.000000e+01        
 Parameter mdl_cte2             has been read with value 2.000000e+01        
 Parameter mdl_cte3             has been read with value 2.000000e+01        
 Parameter mdl_ctls1            has been read with value 2.000000e+01        
 Parameter mdl_ctlsi1           has been read with value 0.000000e+00        
 Parameter mdl_ctls2            has been read with value 2.000000e+01        
 Parameter mdl_ctlsi2           has been read with value 0.000000e+00        
 Parameter mdl_ctls3            has been read with value 2.000000e+01        
 Parameter mdl_ctlsi3           has been read with value 0.000000e+00        
 Parameter mdl_ctlt1            has been read with value 2.000000e+01        
 Parameter mdl_ctlti1           has been read with value 0.000000e+00        
 Parameter mdl_ctlt2            has been read with value 2.000000e+01        
 Parameter mdl_ctlti2           has been read with value 0.000000e+00        
 Parameter mdl_ctlt3            has been read with value 2.000000e+01        
 Parameter mdl_ctlti3           has been read with value 0.000000e+00        
 Parameter mdl_cbls1            has been read with value 0.000000e+00        
 Parameter mdl_cblsi1           has been read with value 0.000000e+00        
 Parameter mdl_cbls2            has been read with value 0.000000e+00        
 Parameter mdl_cblsi2           has been read with value 0.000000e+00        
 Parameter mdl_cbls3            has been read with value 0.000000e+00        
 Parameter mdl_cblsi3           has been read with value 0.000000e+00        
 Parameter mdl_cqq83            has been read with value 5.211300e+00        
 Parameter mdl_cqq81            has been read with value 4.862800e+00        
 Parameter mdl_cqu8             has been read with value 0.000000e+00        
 Parameter mdl_cqd8             has been read with value 0.000000e+00        
 Parameter mdl_ctq8             has been read with value 4.326500e+00        
 Parameter mdl_ctu8             has been read with value 0.000000e+00        
 Parameter mdl_ctd8             has been read with value 0.000000e+00        
 Parameter mdl_cqq13            has been read with value 1.876700e+00        
 Parameter mdl_cqq11            has been read with value 1.912600e+00        
 Parameter mdl_cqu1             has been read with value 0.000000e+00        
 Parameter mdl_cqd1             has been read with value 0.000000e+00        
 Parameter mdl_ctq1             has been read with value 1.949500e+00        
 Parameter mdl_ctu1             has been read with value 0.000000e+00        
 Parameter mdl_ctd1             has been read with value 0.000000e+00        
 Parameter mdl_cqq1             has been read with value 2.916200e+00        
 Parameter mdl_cqq8             has been read with value 0.000000e+00        
 Parameter mdl_cqt1             has been read with value 2.067600e+00        
 Parameter mdl_cqb1             has been read with value 0.000000e+00        
 Parameter mdl_ctt1             has been read with value 1.450700e+00        
 Parameter mdl_ctb1             has been read with value 0.000000e+00        
 Parameter mdl_cqt8             has been read with value 4.759200e+00        
 Parameter mdl_cqb8             has been read with value 0.000000e+00        
 Parameter mdl_ctb8             has been read with value 0.000000e+00        
 Parameter mdl_ctqqu1           has been read with value 0.000000e+00        
 Parameter mdl_ctqqu1i          has been read with value 0.000000e+00        
 Parameter mdl_ctqqu8           has been read with value 0.000000e+00        
 Parameter mdl_ctqqu8i          has been read with value 0.000000e+00        
 Parameter mdl_cbqqd1           has been read with value 0.000000e+00        
 Parameter mdl_cbqqd1i          has been read with value 0.000000e+00        
 Parameter mdl_cbqqd8           has been read with value 0.000000e+00        
 Parameter mdl_cbqqd8i          has been read with value 0.000000e+00        
 Parameter mdl_cqtqd1           has been read with value 0.000000e+00        
 Parameter mdl_cqtqd1i          has been read with value 0.000000e+00        
 Parameter mdl_cqtqd8           has been read with value 0.000000e+00        
 Parameter mdl_cqtqd8i          has been read with value 0.000000e+00        
 Parameter mdl_cqbqu1           has been read with value 0.000000e+00        
 Parameter mdl_cqbqu1i          has been read with value 0.000000e+00        
 Parameter mdl_cqbqu8           has been read with value 0.000000e+00        
 Parameter mdl_cqbqu8i          has been read with value 0.000000e+00        
 Parameter mdl_ctqqu1t          has been read with value 0.000000e+00        
 Parameter mdl_ctqqu1ti         has been read with value 0.000000e+00        
 Parameter mdl_ctqqu8t          has been read with value 0.000000e+00        
 Parameter mdl_ctqqu8ti         has been read with value 0.000000e+00        
 Parameter mdl_cbqqd1t          has been read with value 0.000000e+00        
 Parameter mdl_cbqqd1ti         has been read with value 0.000000e+00        
 Parameter mdl_cbqqd8t          has been read with value 0.000000e+00        
 Parameter mdl_cbqqd8ti         has been read with value 0.000000e+00        
 Parameter mdl_cqtqd1t          has been read with value 0.000000e+00        
 Parameter mdl_cqtqd1ti         has been read with value 0.000000e+00        
 Parameter mdl_cqtqd8t          has been read with value 0.000000e+00        
 Parameter mdl_cqtqd8ti         has been read with value 0.000000e+00        
 Parameter mdl_cqbqu1t          has been read with value 0.000000e+00        
 Parameter mdl_cqbqu1ti         has been read with value 0.000000e+00        
 Parameter mdl_cqbqu8t          has been read with value 0.000000e+00        
 Parameter mdl_cqbqu8ti         has been read with value 0.000000e+00        
 Parameter mdl_cbtud1           has been read with value 0.000000e+00        
 Parameter mdl_cbtud1i          has been read with value 0.000000e+00        
 Parameter mdl_cbtud8           has been read with value 0.000000e+00        
 Parameter mdl_cbtud8i          has been read with value 0.000000e+00        
 Parameter mdl_cqtqb1           has been read with value 0.000000e+00        
 Parameter mdl_cqtqb8           has been read with value 0.000000e+00        
 Parameter mdl_cqtqb1i          has been read with value 0.000000e+00        
 Parameter mdl_cqtqb8i          has been read with value 0.000000e+00        
 Parameter mdl_ctpx13           has been read with value 0.000000e+00        
 Parameter mdl_ctpx23           has been read with value 0.000000e+00        
 Parameter mdl_ctpx31           has been read with value 0.000000e+00        
 Parameter mdl_ctpx32           has been read with value 0.000000e+00        
 Parameter mdl_ctpix13          has been read with value 0.000000e+00        
 Parameter mdl_ctpix23          has been read with value 0.000000e+00        
 Parameter mdl_ctpix31          has been read with value 0.000000e+00        
 Parameter mdl_ctpix32          has been read with value 0.000000e+00        
 Parameter mdl_cpqmx31          has been read with value 0.000000e+00        
 Parameter mdl_cpqmx32          has been read with value 0.000000e+00        
 Parameter mdl_cpqmix31         has been read with value 0.000000e+00        
 Parameter mdl_cpqmix32         has been read with value 0.000000e+00        
 Parameter mdl_cpq3x31          has been read with value 0.000000e+00        
 Parameter mdl_cpq3x32          has been read with value 0.000000e+00        
 Parameter mdl_cpq3ix31         has been read with value 0.000000e+00        
 Parameter mdl_cpq3ix32         has been read with value 0.000000e+00        
 Parameter mdl_cptx31           has been read with value 0.000000e+00        
 Parameter mdl_cptx32           has been read with value 0.000000e+00        
 Parameter mdl_cptix31          has been read with value 0.000000e+00        
 Parameter mdl_cptix32          has been read with value 0.000000e+00        
 Parameter mdl_cptbx13          has been read with value 0.000000e+00        
 Parameter mdl_cptbx23          has been read with value 0.000000e+00        
 Parameter mdl_cptbx31          has been read with value 0.000000e+00        
 Parameter mdl_cptbx32          has been read with value 0.000000e+00        
 Parameter mdl_cptbix13         has been read with value 0.000000e+00        
 Parameter mdl_cptbix23         has been read with value 0.000000e+00        
 Parameter mdl_cptbix31         has been read with value 0.000000e+00        
 Parameter mdl_cptbix32         has been read with value 0.000000e+00        
 Parameter mdl_ctax13           has been read with value 0.000000e+00        
 Parameter mdl_ctax23           has been read with value 0.000000e+00        
 Parameter mdl_ctax31           has been read with value 0.000000e+00        
 Parameter mdl_ctax32           has been read with value 0.000000e+00        
 Parameter mdl_ctaix13          has been read with value 0.000000e+00        
 Parameter mdl_ctaix23          has been read with value 0.000000e+00        
 Parameter mdl_ctaix31          has been read with value 0.000000e+00        
 Parameter mdl_ctaix32          has been read with value 0.000000e+00        
 Parameter mdl_ctzx13           has been read with value 0.000000e+00        
 Parameter mdl_ctzx23           has been read with value 0.000000e+00        
 Parameter mdl_ctzx31           has been read with value 0.000000e+00        
 Parameter mdl_ctzx32           has been read with value 0.000000e+00        
 Parameter mdl_ctzix13          has been read with value 0.000000e+00        
 Parameter mdl_ctzix23          has been read with value 0.000000e+00        
 Parameter mdl_ctzix31          has been read with value 0.000000e+00        
 Parameter mdl_ctzix32          has been read with value 0.000000e+00        
 Parameter mdl_cbwx13           has been read with value 0.000000e+00        
 Parameter mdl_cbwx23           has been read with value 0.000000e+00        
 Parameter mdl_cbwx31           has been read with value 0.000000e+00        
 Parameter mdl_cbwx32           has been read with value 0.000000e+00        
 Parameter mdl_cbwix13          has been read with value 0.000000e+00        
 Parameter mdl_cbwix23          has been read with value 0.000000e+00        
 Parameter mdl_cbwix31          has been read with value 0.000000e+00        
 Parameter mdl_cbwix32          has been read with value 0.000000e+00        
 Parameter mdl_ctgx13           has been read with value 0.000000e+00        
 Parameter mdl_ctgx23           has been read with value 0.000000e+00        
 Parameter mdl_ctgx31           has been read with value 0.000000e+00        
 Parameter mdl_ctgx32           has been read with value 0.000000e+00        
 Parameter mdl_ctgix13          has been read with value 0.000000e+00        
 Parameter mdl_ctgix23          has been read with value 0.000000e+00        
 Parameter mdl_ctgix31          has been read with value 0.000000e+00        
 Parameter mdl_ctgix32          has been read with value 0.000000e+00        
 Parameter mdl_cql3x1x31        has been read with value 0.000000e+00        
 Parameter mdl_cql3x1x32        has been read with value 0.000000e+00        
 Parameter mdl_cql3x2x31        has been read with value 0.000000e+00        
 Parameter mdl_cql3x2x32        has been read with value 0.000000e+00        
 Parameter mdl_cql3x3x31        has been read with value 0.000000e+00        
 Parameter mdl_cql3x3x32        has been read with value 0.000000e+00        
 Parameter mdl_cql3ix1x31       has been read with value 0.000000e+00        
 Parameter mdl_cql3ix1x32       has been read with value 0.000000e+00        
 Parameter mdl_cql3ix2x31       has been read with value 0.000000e+00        
 Parameter mdl_cql3ix2x32       has been read with value 0.000000e+00        
 Parameter mdl_cql3ix3x31       has been read with value 0.000000e+00        
 Parameter mdl_cql3ix3x32       has been read with value 0.000000e+00        
 Parameter mdl_cqlmx1x31        has been read with value 0.000000e+00        
 Parameter mdl_cqlmx1x32        has been read with value 0.000000e+00        
 Parameter mdl_cqlmx2x31        has been read with value 0.000000e+00        
 Parameter mdl_cqlmx2x32        has been read with value 0.000000e+00        
 Parameter mdl_cqlmx3x31        has been read with value 0.000000e+00        
 Parameter mdl_cqlmx3x32        has been read with value 0.000000e+00        
 Parameter mdl_cqlmix1x31       has been read with value 0.000000e+00        
 Parameter mdl_cqlmix1x32       has been read with value 0.000000e+00        
 Parameter mdl_cqlmix2x31       has been read with value 0.000000e+00        
 Parameter mdl_cqlmix2x32       has been read with value 0.000000e+00        
 Parameter mdl_cqlmix3x31       has been read with value 0.000000e+00        
 Parameter mdl_cqlmix3x32       has been read with value 0.000000e+00        
 Parameter mdl_cqex1x31         has been read with value 0.000000e+00        
 Parameter mdl_cqex1x32         has been read with value 0.000000e+00        
 Parameter mdl_cqex2x31         has been read with value 0.000000e+00        
 Parameter mdl_cqex2x32         has been read with value 0.000000e+00        
 Parameter mdl_cqex3x31         has been read with value 0.000000e+00        
 Parameter mdl_cqex3x32         has been read with value 0.000000e+00        
 Parameter mdl_cqeix1x31        has been read with value 0.000000e+00        
 Parameter mdl_cqeix1x32        has been read with value 0.000000e+00        
 Parameter mdl_cqeix2x31        has been read with value 0.000000e+00        
 Parameter mdl_cqeix2x32        has been read with value 0.000000e+00        
 Parameter mdl_cqeix3x31        has been read with value 0.000000e+00        
 Parameter mdl_cqeix3x32        has been read with value 0.000000e+00        
 Parameter mdl_ctlx1x31         has been read with value 0.000000e+00        
 Parameter mdl_ctlx1x32         has been read with value 0.000000e+00        
 Parameter mdl_ctlx2x31         has been read with value 0.000000e+00        
 Parameter mdl_ctlx2x32         has been read with value 0.000000e+00        
 Parameter mdl_ctlx3x31         has been read with value 0.000000e+00        
 Parameter mdl_ctlx3x32         has been read with value 0.000000e+00        
 Parameter mdl_ctlix1x31        has been read with value 0.000000e+00        
 Parameter mdl_ctlix1x32        has been read with value 0.000000e+00        
 Parameter mdl_ctlix2x31        has been read with value 0.000000e+00        
 Parameter mdl_ctlix2x32        has been read with value 0.000000e+00        
 Parameter mdl_ctlix3x31        has been read with value 0.000000e+00        
 Parameter mdl_ctlix3x32        has been read with value 0.000000e+00        
 Parameter mdl_ctex1x31         has been read with value 0.000000e+00        
 Parameter mdl_ctex1x32         has been read with value 0.000000e+00        
 Parameter mdl_ctex2x31         has been read with value 0.000000e+00        
 Parameter mdl_ctex2x32         has been read with value 0.000000e+00        
 Parameter mdl_ctex3x31         has been read with value 0.000000e+00        
 Parameter mdl_ctex3x32         has been read with value 0.000000e+00        
 Parameter mdl_cteix1x31        has been read with value 0.000000e+00        
 Parameter mdl_cteix1x32        has been read with value 0.000000e+00        
 Parameter mdl_cteix2x31        has been read with value 0.000000e+00        
 Parameter mdl_cteix2x32        has been read with value 0.000000e+00        
 Parameter mdl_cteix3x31        has been read with value 0.000000e+00        
 Parameter mdl_cteix3x32        has been read with value 0.000000e+00        
 Parameter mdl_ctlsx1x13        has been read with value 0.000000e+00        
 Parameter mdl_ctlsx1x23        has been read with value 0.000000e+00        
 Parameter mdl_ctlsx1x31        has been read with value 0.000000e+00        
 Parameter mdl_ctlsx1x32        has been read with value 0.000000e+00        
 Parameter mdl_ctlsx2x13        has been read with value 0.000000e+00        
 Parameter mdl_ctlsx2x23        has been read with value 0.000000e+00        
 Parameter mdl_ctlsx2x31        has been read with value 0.000000e+00        
 Parameter mdl_ctlsx2x32        has been read with value 0.000000e+00        
 Parameter mdl_ctlsx3x13        has been read with value 0.000000e+00        
 Parameter mdl_ctlsx3x23        has been read with value 0.000000e+00        
 Parameter mdl_ctlsx3x31        has been read with value 0.000000e+00        
 Parameter mdl_ctlsx3x32        has been read with value 0.000000e+00        
 Parameter mdl_ctlsix1x13       has been read with value 0.000000e+00        
 Parameter mdl_ctlsix1x23       has been read with value 0.000000e+00        
 Parameter mdl_ctlsix1x31       has been read with value 0.000000e+00        
 Parameter mdl_ctlsix1x32       has been read with value 0.000000e+00        
 Parameter mdl_ctlsix2x13       has been read with value 0.000000e+00        
 Parameter mdl_ctlsix2x23       has been read with value 0.000000e+00        
 Parameter mdl_ctlsix2x31       has been read with value 0.000000e+00        
 Parameter mdl_ctlsix2x32       has been read with value 0.000000e+00        
 Parameter mdl_ctlsix3x13       has been read with value 0.000000e+00        
 Parameter mdl_ctlsix3x23       has been read with value 0.000000e+00        
 Parameter mdl_ctlsix3x31       has been read with value 0.000000e+00        
 Parameter mdl_ctlsix3x32       has been read with value 0.000000e+00        
 Parameter mdl_ctltx1x13        has been read with value 0.000000e+00        
 Parameter mdl_ctltx1x23        has been read with value 0.000000e+00        
 Parameter mdl_ctltx1x31        has been read with value 0.000000e+00        
 Parameter mdl_ctltx1x32        has been read with value 0.000000e+00        
 Parameter mdl_ctltx2x13        has been read with value 0.000000e+00        
 Parameter mdl_ctltx2x23        has been read with value 0.000000e+00        
 Parameter mdl_ctltx2x31        has been read with value 0.000000e+00        
 Parameter mdl_ctltx2x32        has been read with value 0.000000e+00        
 Parameter mdl_ctltx3x13        has been read with value 0.000000e+00        
 Parameter mdl_ctltx3x23        has been read with value 0.000000e+00        
 Parameter mdl_ctltx3x31        has been read with value 0.000000e+00        
 Parameter mdl_ctltx3x32        has been read with value 0.000000e+00        
 Parameter mdl_ctltix1x13       has been read with value 0.000000e+00        
 Parameter mdl_ctltix1x23       has been read with value 0.000000e+00        
 Parameter mdl_ctltix1x31       has been read with value 0.000000e+00        
 Parameter mdl_ctltix1x32       has been read with value 0.000000e+00        
 Parameter mdl_ctltix2x13       has been read with value 0.000000e+00        
 Parameter mdl_ctltix2x23       has been read with value 0.000000e+00        
 Parameter mdl_ctltix2x31       has been read with value 0.000000e+00        
 Parameter mdl_ctltix2x32       has been read with value 0.000000e+00        
 Parameter mdl_ctltix3x13       has been read with value 0.000000e+00        
 Parameter mdl_ctltix3x23       has been read with value 0.000000e+00        
 Parameter mdl_ctltix3x31       has been read with value 0.000000e+00        
 Parameter mdl_ctltix3x32       has been read with value 0.000000e+00        
 Parameter mdl_cqq11x3331       has been read with value 0.000000e+00        
 Parameter mdl_cqq11x3332       has been read with value 0.000000e+00        
 Parameter mdl_cqq11ix3331      has been read with value 0.000000e+00        
 Parameter mdl_cqq11ix3332      has been read with value 0.000000e+00        
 Parameter mdl_cqq13x3331       has been read with value 0.000000e+00        
 Parameter mdl_cqq13x3332       has been read with value 0.000000e+00        
 Parameter mdl_cqq13ix3331      has been read with value 0.000000e+00        
 Parameter mdl_cqq13ix3332      has been read with value 0.000000e+00        
 Parameter mdl_cuu1x3331        has been read with value 0.000000e+00        
 Parameter mdl_cuu1x3332        has been read with value 0.000000e+00        
 Parameter mdl_cuu1ix3331       has been read with value 0.000000e+00        
 Parameter mdl_cuu1ix3332       has been read with value 0.000000e+00        
 Parameter mdl_cqu1x3331        has been read with value 0.000000e+00        
 Parameter mdl_cqu1x3332        has been read with value 0.000000e+00        
 Parameter mdl_cqu1ix3331       has been read with value 0.000000e+00        
 Parameter mdl_cqu1ix3332       has been read with value 0.000000e+00        
 Parameter mdl_cqu1x3133        has been read with value 0.000000e+00        
 Parameter mdl_cqu1x3233        has been read with value 0.000000e+00        
 Parameter mdl_cqu1ix3133       has been read with value 0.000000e+00        
 Parameter mdl_cqu1ix3233       has been read with value 0.000000e+00        
 Parameter mdl_cqu8x3331        has been read with value 0.000000e+00        
 Parameter mdl_cqu8x3332        has been read with value 0.000000e+00        
 Parameter mdl_cqu8ix3331       has been read with value 0.000000e+00        
 Parameter mdl_cqu8ix3332       has been read with value 0.000000e+00        
 Parameter mdl_cqu8x3233        has been read with value 0.000000e+00        
 Parameter mdl_cqu8x3133        has been read with value 0.000000e+00        
 Parameter mdl_cqu8ix3133       has been read with value 0.000000e+00        
 Parameter mdl_cqu8ix3233       has been read with value 0.000000e+00        
 Parameter mdl_cqd1x3331        has been read with value 0.000000e+00        
 Parameter mdl_cqd1x3332        has been read with value 0.000000e+00        
 Parameter mdl_cqd1ix3331       has been read with value 0.000000e+00        
 Parameter mdl_cqd1ix3332       has been read with value 0.000000e+00        
 Parameter mdl_cqd1x3133        has been read with value 0.000000e+00        
 Parameter mdl_cqd1x3233        has been read with value 0.000000e+00        
 Parameter mdl_cqd1ix3133       has been read with value 0.000000e+00        
 Parameter mdl_cqd1ix3233       has been read with value 0.000000e+00        
 Parameter mdl_cqd8x3331        has been read with value 0.000000e+00        
 Parameter mdl_cqd8x3332        has been read with value 0.000000e+00        
 Parameter mdl_cqd8ix3331       has been read with value 0.000000e+00        
 Parameter mdl_cqd8ix3332       has been read with value 0.000000e+00        
 Parameter mdl_cqd8x3133        has been read with value 0.000000e+00        
 Parameter mdl_cqd8x3233        has been read with value 0.000000e+00        
 Parameter mdl_cqd8ix3133       has been read with value 0.000000e+00        
 Parameter mdl_cqd8ix3233       has been read with value 0.000000e+00        
 Parameter mdl_cud1x3331        has been read with value 0.000000e+00        
 Parameter mdl_cud1x3332        has been read with value 0.000000e+00        
 Parameter mdl_cud1ix3331       has been read with value 0.000000e+00        
 Parameter mdl_cud1ix3332       has been read with value 0.000000e+00        
 Parameter mdl_cud1x3133        has been read with value 0.000000e+00        
 Parameter mdl_cud1x3233        has been read with value 0.000000e+00        
 Parameter mdl_cud1ix3133       has been read with value 0.000000e+00        
 Parameter mdl_cud1ix3233       has been read with value 0.000000e+00        
 Parameter mdl_cud8x3331        has been read with value 0.000000e+00        
 Parameter mdl_cud8x3332        has been read with value 0.000000e+00        
 Parameter mdl_cud8ix3331       has been read with value 0.000000e+00        
 Parameter mdl_cud8ix3332       has been read with value 0.000000e+00        
 Parameter mdl_cud8x3133        has been read with value 0.000000e+00        
 Parameter mdl_cud8x3233        has been read with value 0.000000e+00        
 Parameter mdl_cud8ix3133       has been read with value 0.000000e+00        
 Parameter mdl_cud8ix3233       has been read with value 0.000000e+00        
 Parameter mdl_cquqd1x3331      has been read with value 0.000000e+00        
 Parameter mdl_cquqd1x3332      has been read with value 0.000000e+00        
 Parameter mdl_cquqd1x3313      has been read with value 0.000000e+00        
 Parameter mdl_cquqd1x3323      has been read with value 0.000000e+00        
 Parameter mdl_cquqd1x3133      has been read with value 0.000000e+00        
 Parameter mdl_cquqd1x3233      has been read with value 0.000000e+00        
 Parameter mdl_cquqd1x1333      has been read with value 0.000000e+00        
 Parameter mdl_cquqd1x2333      has been read with value 0.000000e+00        
 Parameter mdl_cquqd1ix3331     has been read with value 0.000000e+00        
 Parameter mdl_cquqd1ix3332     has been read with value 0.000000e+00        
 Parameter mdl_cquqd1ix3313     has been read with value 0.000000e+00        
 Parameter mdl_cquqd1ix3323     has been read with value 0.000000e+00        
 Parameter mdl_cquqd1ix3133     has been read with value 0.000000e+00        
 Parameter mdl_cquqd1ix3233     has been read with value 0.000000e+00        
 Parameter mdl_cquqd1ix1333     has been read with value 0.000000e+00        
 Parameter mdl_cquqd1ix2333     has been read with value 0.000000e+00        
 Parameter mdl_cquqd8x3331      has been read with value 0.000000e+00        
 Parameter mdl_cquqd8x3332      has been read with value 0.000000e+00        
 Parameter mdl_cquqd8x3313      has been read with value 0.000000e+00        
 Parameter mdl_cquqd8x3323      has been read with value 0.000000e+00        
 Parameter mdl_cquqd8x3133      has been read with value 0.000000e+00        
 Parameter mdl_cquqd8x3233      has been read with value 0.000000e+00        
 Parameter mdl_cquqd8x1333      has been read with value 0.000000e+00        
 Parameter mdl_cquqd8x2333      has been read with value 0.000000e+00        
 Parameter mdl_cquqd8ix3331     has been read with value 0.000000e+00        
 Parameter mdl_cquqd8ix3332     has been read with value 0.000000e+00        
 Parameter mdl_cquqd8ix3313     has been read with value 0.000000e+00        
 Parameter mdl_cquqd8ix3323     has been read with value 0.000000e+00        
 Parameter mdl_cquqd8ix3133     has been read with value 0.000000e+00        
 Parameter mdl_cquqd8ix3233     has been read with value 0.000000e+00        
 Parameter mdl_cquqd8ix1333     has been read with value 0.000000e+00        
 Parameter mdl_cquqd8ix2333     has been read with value 0.000000e+00        
 Parameter mdl_cqq11x31ii       has been read with value 0.000000e+00        
 Parameter mdl_cqq11x32ii       has been read with value 0.000000e+00        
 Parameter mdl_cqq11ix31ii      has been read with value 0.000000e+00        
 Parameter mdl_cqq11ix32ii      has been read with value 0.000000e+00        
 Parameter mdl_cqq13x31ii       has been read with value 0.000000e+00        
 Parameter mdl_cqq13x32ii       has been read with value 0.000000e+00        
 Parameter mdl_cqq13ix31ii      has been read with value 0.000000e+00        
 Parameter mdl_cqq13ix32ii      has been read with value 0.000000e+00        
 Parameter mdl_cqq81x31ii       has been read with value 0.000000e+00        
 Parameter mdl_cqq81x32ii       has been read with value 0.000000e+00        
 Parameter mdl_cqq81ix31ii      has been read with value 0.000000e+00        
 Parameter mdl_cqq81ix32ii      has been read with value 0.000000e+00        
 Parameter mdl_cqq83x31ii       has been read with value 0.000000e+00        
 Parameter mdl_cqq83x32ii       has been read with value 0.000000e+00        
 Parameter mdl_cqq83ix31ii      has been read with value 0.000000e+00        
 Parameter mdl_cqq83ix32ii      has been read with value 0.000000e+00        
 Parameter mdl_cuu1x31ii        has been read with value 0.000000e+00        
 Parameter mdl_cuu1x32ii        has been read with value 0.000000e+00        
 Parameter mdl_cuu1ix31ii       has been read with value 0.000000e+00        
 Parameter mdl_cuu1ix32ii       has been read with value 0.000000e+00        
 Parameter mdl_cuu8x31ii        has been read with value 0.000000e+00        
 Parameter mdl_cuu8x32ii        has been read with value 0.000000e+00        
 Parameter mdl_cuu8ix31ii       has been read with value 0.000000e+00        
 Parameter mdl_cuu8ix32ii       has been read with value 0.000000e+00        
 Parameter mdl_cud1x31ii        has been read with value 0.000000e+00        
 Parameter mdl_cud1x32ii        has been read with value 0.000000e+00        
 Parameter mdl_cud1ix31ii       has been read with value 0.000000e+00        
 Parameter mdl_cud1ix32ii       has been read with value 0.000000e+00        
 Parameter mdl_cud8x31ii        has been read with value 0.000000e+00        
 Parameter mdl_cud8x32ii        has been read with value 0.000000e+00        
 Parameter mdl_cud8ix31ii       has been read with value 0.000000e+00        
 Parameter mdl_cud8ix32ii       has been read with value 0.000000e+00        
 Parameter mdl_cqu1x31ii        has been read with value 0.000000e+00        
 Parameter mdl_cqu1x32ii        has been read with value 0.000000e+00        
 Parameter mdl_cqu1ix31ii       has been read with value 0.000000e+00        
 Parameter mdl_cqu1ix32ii       has been read with value 0.000000e+00        
 Parameter mdl_cqu8x31ii        has been read with value 0.000000e+00        
 Parameter mdl_cqu8x32ii        has been read with value 0.000000e+00        
 Parameter mdl_cqu8ix31ii       has been read with value 0.000000e+00        
 Parameter mdl_cqu8ix32ii       has been read with value 0.000000e+00        
 Parameter mdl_cqu1xii31        has been read with value 0.000000e+00        
 Parameter mdl_cqu1xii32        has been read with value 0.000000e+00        
 Parameter mdl_cqu1ixii31       has been read with value 0.000000e+00        
 Parameter mdl_cqu1ixii32       has been read with value 0.000000e+00        
 Parameter mdl_cqu8xii31        has been read with value 0.000000e+00        
 Parameter mdl_cqu8xii32        has been read with value 0.000000e+00        
 Parameter mdl_cqu8ixii31       has been read with value 0.000000e+00        
 Parameter mdl_cqu8ixii32       has been read with value 0.000000e+00        
 Parameter mdl_cqd1x31ii        has been read with value 0.000000e+00        
 Parameter mdl_cqd1x32ii        has been read with value 0.000000e+00        
 Parameter mdl_cqd1ix31ii       has been read with value 0.000000e+00        
 Parameter mdl_cqd1ix32ii       has been read with value 0.000000e+00        
 Parameter mdl_cqd8ix31ii       has been read with value 0.000000e+00        
 Parameter mdl_cqd8ix32ii       has been read with value 0.000000e+00        
 Parameter mdl_cqd8x31ii        has been read with value 0.000000e+00        
 Parameter mdl_cqd8x32ii        has been read with value 0.000000e+00        
 Parameter mdl_cpbix31          has been read with value 0.000000e+00        
 Parameter mdl_cpbix32          has been read with value 0.000000e+00        
 Parameter mdl_cpbx31           has been read with value 0.000000e+00        
 Parameter mdl_cpbx32           has been read with value 0.000000e+00        
 Parameter mdl_cblsx1x13        has been read with value 0.000000e+00        
 Parameter mdl_cblsx1x23        has been read with value 0.000000e+00        
 Parameter mdl_cblsx1x31        has been read with value 0.000000e+00        
 Parameter mdl_cblsx1x32        has been read with value 0.000000e+00        
 Parameter mdl_cblsx2x13        has been read with value 0.000000e+00        
 Parameter mdl_cblsx2x23        has been read with value 0.000000e+00        
 Parameter mdl_cblsx2x31        has been read with value 0.000000e+00        
 Parameter mdl_cblsx2x32        has been read with value 0.000000e+00        
 Parameter mdl_cblsx3x13        has been read with value 0.000000e+00        
 Parameter mdl_cblsx3x23        has been read with value 0.000000e+00        
 Parameter mdl_cblsx3x31        has been read with value 0.000000e+00        
 Parameter mdl_cblsx3x32        has been read with value 0.000000e+00        
 Parameter mdl_cblsix1x13       has been read with value 0.000000e+00        
 Parameter mdl_cblsix1x23       has been read with value 0.000000e+00        
 Parameter mdl_cblsix1x31       has been read with value 0.000000e+00        
 Parameter mdl_cblsix1x32       has been read with value 0.000000e+00        
 Parameter mdl_cblsix2x13       has been read with value 0.000000e+00        
 Parameter mdl_cblsix2x23       has been read with value 0.000000e+00        
 Parameter mdl_cblsix2x31       has been read with value 0.000000e+00        
 Parameter mdl_cblsix2x32       has been read with value 0.000000e+00        
 Parameter mdl_cblsix3x13       has been read with value 0.000000e+00        
 Parameter mdl_cblsix3x23       has been read with value 0.000000e+00        
 Parameter mdl_cblsix3x31       has been read with value 0.000000e+00        
 Parameter mdl_cblsix3x32       has been read with value 0.000000e+00        
 Parameter mdl_mb               has been read with value 0.000000e+00        
 Parameter mdl_mt               has been read with value 1.725000e+02        
 Parameter mdl_mta              has been read with value 1.777000e+00        
 Parameter mdl_mz               has been read with value 9.118760e+01        
 Parameter mdl_mh               has been read with value 1.250000e+02        
 Parameter aewm1                has been read with value 1.279000e+02        
 Parameter mdl_gf               has been read with value 1.166370e-05        
 Parameter as                   has been read with value 1.184000e-01        
 Parameter mdl_ymb              has been read with value 0.000000e+00        
 Parameter mdl_ymt              has been read with value 1.725000e+02        
 Parameter mdl_ymtau            has been read with value 1.777000e+00        
 Parameter mdl_wt               has been read with value 1.508336e+00        
 Parameter mdl_wz               has been read with value 2.495200e+00        
 Parameter mdl_ww               has been read with value 2.085000e+00        
 Parameter mdl_wh               has been read with value 4.070000e-03        
